<?xml version="1.0" encoding="UTF-8"?>
<!-- Generated by org.testng.reporters.JUnitReportReporter -->
<testsuite hostname="LTIN174984" failures="0" tests="1" name="pageObject.EMICalculator" time="8.581" errors="0" timestamp="2024-02-17T23:57:25 IST" skipped="0">
  <testcase classname="pageObject.EMICalculator" name="emicalculator" time="8.581"/>
</testsuite> <!-- pageObject.EMICalculator -->
