<?xml version="1.0" encoding="UTF-8"?>
<!-- Generated by org.testng.reporters.JUnitReportReporter -->
<testsuite hostname="LTIN174984" failures="0" tests="3" name="pageObject.RawCode" time="6.445" errors="0" timestamp="2024-02-16T11:22:16 IST" skipped="0">
  <testcase classname="pageObject.RawCode" name="emicalculator" time="1.879"/>
  <testcase classname="pageObject.RawCode" name="homeLoan" time="1.597"/>
  <testcase classname="pageObject.RawCode" name="loanCalculator" time="2.969"/>
</testsuite> <!-- pageObject.RawCode -->
