<?xml version="1.0" encoding="UTF-8"?>
<!-- Generated by org.testng.reporters.JUnitReportReporter -->
<testsuite hostname="LTIN174984" failures="0" tests="7" name="testCases.TestCase" time="39.901" errors="0" timestamp="2024-03-01T12:24:54 IST" skipped="0">
  <testcase classname="testCases.TestCase" name="carLoanValidation" time="4.075"/>
  <testcase classname="testCases.TestCase" name="homeLoanValidation" time="21.931"/>
  <testcase classname="testCases.TestCase" name="UIcheck" time="6.670"/>
  <testcase classname="testCases.TestCase" name="emiCalulatorValidation" time="1.074"/>
  <testcase classname="testCases.TestCase" name="loanCalculatorUICheck" time="3.778"/>
  <testcase classname="testCases.TestCase" name="loanCalulatorValidation" time="0.904"/>
  <testcase classname="testCases.TestCase" name="loanTenureCalculator" time="1.469"/>
</testsuite> <!-- testCases.TestCase -->
