<?xml version="1.0" encoding="UTF-8"?>
<!-- Generated by org.testng.reporters.JUnitReportReporter -->
<testsuite hostname="LTIN174984" failures="0" tests="7" name="testCases.TestCase" time="21.607" errors="0" timestamp="2024-03-01T15:06:36 IST" skipped="0">
  <testcase classname="testCases.TestCase" name="carLoanValidation" time="2.173"/>
  <system-out/>
  <testcase classname="testCases.TestCase" name="homeLoanValidation" time="11.725"/>
  <system-out/>
  <testcase classname="testCases.TestCase" name="UIcheck" time="4.073"/>
  <system-out/>
  <testcase classname="testCases.TestCase" name="emiCalulatorValidation" time="0.612"/>
  <system-out/>
  <testcase classname="testCases.TestCase" name="loanCalculatorUICheck" time="1.869"/>
  <system-out/>
  <testcase classname="testCases.TestCase" name="loanCalulatorValidation" time="0.441"/>
  <system-out/>
  <testcase classname="testCases.TestCase" name="loanTenureCalculator" time="0.714"/>
  <system-out/>
</testsuite> <!-- testCases.TestCase -->
